Arguments: 
  /usr/bin/node /usr/bin/yarn logs

PATH: 
  /home/lutz/miniconda3/bin:/home/lutz/.npm-global:/home/lutz/bin:/usr/local/bin:/home/lutz/miniconda3/bin:/home/lutz/.npm-global:/home/lutz/bin:/usr/local/bin:/home/lutz/.local/bin:/usr/local/sbin:/usr/local/bin:/usr/bin:/usr/bin/site_perl:/usr/bin/vendor_perl:/usr/bin/core_perl:/var/lib/snapd/snap/bin

Yarn version: 
  1.22.17

Node version: 
  17.7.1

Platform: 
  linux x64

Trace: 
  SyntaxError: /home/lutz/univates/aplicacoes/js-todo/package.json: Unexpected string in JSON at position 429
      at JSON.parse (<anonymous>)
      at /usr/lib/node_modules/yarn/lib/cli.js:1625:59
      at Generator.next (<anonymous>)
      at step (/usr/lib/node_modules/yarn/lib/cli.js:310:30)
      at /usr/lib/node_modules/yarn/lib/cli.js:321:13

npm manifest: 
  {
    "name": "cadastro",
    "description": "Cadastro Simples",
    "version": "1.0.0",
    "main": "src/app.js",
    "license": "MIT",
    "scripts": {
      "start": "electron-forge start",
      "make": "electron-forge make",
      "test": "jest",
      "up": "docker compose -f docker/docker-compose.yml up -d",
      "down": "docker compose -f docker/docker-compose.yml down",
      "logs": "docker compose -f docker/docker-compose.yml logs "
      "docker": "yarn up && yarn logs"
    },
    "devDependencies": {
      "@electron-forge/cli": "^6.0.0-beta.63",
      "@electron-forge/maker-deb": "^6.0.0-beta.63",
      "@electron-forge/maker-rpm": "^6.0.0-beta.63",
      "@electron-forge/maker-squirrel": "^6.0.0-beta.63",
      "@electron-forge/maker-zip": "^6.0.0-beta.63",
      "electron": "^17.1.0"
    },
    "dependencies": {
      "dotenv": "^16.0.0",
      "electron-squirrel-startup": "^1.0.0",
      "jest": "^27.5.1",
      "pg": "^8.7.3"
    },
    "config": {
      "forge": {
        "packagerConfig": {},
        "makers": [
          {
            "name": "@electron-forge/maker-squirrel",
            "config": {
              "name": "cadastro",
              "description": "Cadastro simples"
            }
          },
          {
            "name": "@electron-forge/maker-deb",
            "config": {
              "name": "cadastro",
              "description": "Cadastro simples"
            }
          },
          {
            "name": "@electron-forge/maker-rpm",
            "config": {
              "name": "cadastro",
              "description": "Cadastro simples"
            }
          }
        ]
      }
    }
  }

yarn manifest: 
  No manifest

Lockfile: 
  No lockfile
